<?xml version="1.0" encoding="UTF-8"?>
<testsuite xmlns:xsi="http://www.w3.org/2001/XMLSchema-instance" xsi:noNamespaceSchemaLocation="https://maven.apache.org/surefire/maven-surefire-plugin/xsd/surefire-test-report-3.0.xsd" version="3.0" name="com.matthewjohnson42.memex.data.repository.mongo.RawTextMongoRepoTest" time="0.033" tests="11" errors="0" skipped="0" failures="0">
  <properties>
[...]
</properties>
  <testcase name="testInterfaceIsInterface" classname="com.matthewjohnson42.memex.data.repository.mongo.RawTextMongoRepoTest" time="0.002"/>
  <testcase name="testCanBeUsedAsRepository" classname="com.matthewjohnson42.memex.data.repository.mongo.RawTextMongoRepoTest" time="0.005"/>
  <testcase name="testInheritsMongoRepositoryMethods" classname="com.matthewjohnson42.memex.data.repository.mongo.RawTextMongoRepoTest" time="0.005"/>
  <testcase name="testInterfaceIsPublic" classname="com.matthewjohnson42.memex.data.repository.mongo.RawTextMongoRepoTest" time="0"/>
  <testcase name="testInterfaceExtendsRepository" classname="com.matthewjohnson42.memex.data.repository.mongo.RawTextMongoRepoTest" time="0"/>
  <testcase name="testInheritanceHierarchy" classname="com.matthewjohnson42.memex.data.repository.mongo.RawTextMongoRepoTest" time="0.001"/>
  <testcase name="testPackageLocation" classname="com.matthewjohnson42.memex.data.repository.mongo.RawTextMongoRepoTest" time="0.001"/>
  <testcase name="testInheritsRepositoryMethods" classname="com.matthewjohnson42.memex.data.repository.mongo.RawTextMongoRepoTest" time="0.001"/>
  <testcase name="testHasNoAbstractMethods" classname="com.matthewjohnson42.memex.data.repository.mongo.RawTextMongoRepoTest" time="0.001"/>
  <testcase name="testGenericTypes" classname="com.matthewjohnson42.memex.data.repository.mongo.RawTextMongoRepoTest" time="0.001"/>
  <testcase name="testEntityAndIdTypes" classname="com.matthewjohnson42.memex.data.repository.mongo.RawTextMongoRepoTest" time="0.003"/>
</testsuite>